[2J[001;001H[=3h[2J[001;001H[2J[001;001H[8;042;160t[2J[001;001H[2J[001;001H[8;056;240t[2J[001;001HBdsDxe: loading Boot0002 "UEFI QEMU HARDDISK QM00001 " from PciRoot(0x0)/Pci(0x1F,0x2)/Sata(0x0,0xFFFF,0x0)
BdsDxe: starting Boot0002 "UEFI QEMU HARDDISK QM00001 " from PciRoot(0x0)/Pci(0x1F,0x2)/Sata(0x0,0xFFFF,0x0)
[2J[001;001H[001;001H[2J[001;001H[001;001Hbooting...
[TEST] boot self-tests start
[TEST] PASS kmalloc/kfree slab allocations
[TEST] PASS buddy multi-page allocation
[TEST] PASS mixed allocation/free order
[TEST] PASS scheduler task add limit
[TEST] PASS boot self-tests
rsdp_addr=FFFF80007F77E014
ioapic done
hpet init...
hpet init ok
hpet enable...
hpet enable ok
calibrate...
calibrate ok
scheduler init...
scheduler init ok
timer arm...
[SCHED] thread_a entered
[SCHED] A
[SCHED] thread_b entered
[SCHED] B
[TEST] PASS sleep_ms waits at least requested ticks
timer arm ok
smp init...
[SMP] starting AP [S0MP] AP 000000000000000100000
0000000001 online
[SMP] AP 0000000000000001 ready, entering idle
[SCHED] A
[SMP] star[SMP] AP ting AP 00000000000000000002
000000000002 online
[SMP] AP 0000000000000002 ready, entering idle
[SCHED] ticks=0000000000000064 switches=0000000000000008 current=kmain
[SCHED] A
[SCHED] B
[SMP][SM starting AP 00P] AP 0000000000000000000000000003 o03
nline
[SMP] AP 0000000000000003 ready, entering idle
[SCHED] A
[SCHED] ticks=00000000000000C8 switches=000000000000000F current=kmain
[SCHED] A
[SCHED] B
[SCHED] A
[SMP] CPU 0000000000000000 online
[SMP] CPU 0000000000000001 online
[SMP] CPU 0000000000000002 online
[SMP] CPU 0000000000000003 online
[SMP] 4/4 CPUs online
smp init ok
[TEST] PASS SMP: cpu_count >= 1
[TEST] PASS SMP: all CPUs have valid LAPIC IDs
[TEST] PASS SMP: exactly one BSP
[TEST] PASS SMP: all CPUs online
[TEST] PASS SMP: BSP has no pre-allocated stack
[TEST] PASS SMP: all APs have pre-allocated stacks
[SCHED] ticks=000000000000012C switches=000000000000001C current=kmain
[SCHED] A
[SCHED] B
kmain entering sleep loop
[TEST] PASS SMP: self-IPI received
[SCHED] A
[SCHED] ticks=0000000000000190 switches=0000000000000026 current=idle
[SCHED] A
[SCHED] B
[SCHED] A
[SCHED] ticks=00000000000001F4 switches=000000000000002F current=idle
[SCHED] A
[SCHED] B
[SCHED] A
[SCHED] ticks=0000000000000258 switches=0000000000000038 current=idle
[SCHED] A
[SCHED] B
[SCHED] A
[SCHED] ticks=00000000000002BC switches=0000000000000041 current=idle
[SCHED] A
[SCHED] B
[SCHED] A
[SCHED] ticks=0000000000000320 switches=000000000000004A current=idle
[SCHED] A
[SCHED] B
[SCHED] A
[SCHED] ticks=0000000000000384 switches=0000000000000053 current=idle
[SCHED] A
[SCHED] B
[SCHED] A
[SCHED] ticks=00000000000003E8 switches=000000000000005C current=idle
[SCHED] A
[SCHED] B
[SCHED] A
[SCHED] ticks=000000000000044C switches=0000000000000065 current=idle
[SCHED] A
[SCHED] B
[SCHED] A
[SCHED] ticks=00000000000004B0 switches=000000000000006E current=idle
[SCHED] A
[SCHED] B
[SCHED] A
[SCHED] ticks=0000000000000514 switches=0000000000000079 current=idle
[SCHED] A
[SCHED] B
[SCHED] A
[SCHED] ticks=0000000000000578 switches=0000000000000084 current=idle
[SCHED] A
[SCHED] B
[SCHED] A
[SCHED] ticks=00000000000005DC switches=000000000000008D current=idle
[SCHED] A
[SCHED] B
[SCHED] A
[SCHED] ticks=0000000000000640 switches=0000000000000096 current=idle
[SCHED] A
[SCHED] B
[SCHED] A
[SCHED] ticks=00000000000006A4 switches=000000000000009F current=idle
[SCHED] A
[SCHED] B
[SCHED] A
[SCHED] ticks=0000000000000708 switches=00000000000000A8 current=idle
[SCHED] A
[SCHED] B
[IRQ] vector=0000000000000021 irq=0000000000000001
[IRQ] vector=0000000000000021 irq=0000000000000001
[SCHED] A
[SCHED] ticks=000000000000076C switches=00000000000000B1 current=idle
